Starting flye bbd in /home/jd131798/R/marine-genomics/flye at Wed 15 Jul 2026 22:53:55 UTC
[2026-07-15 22:53:56] INFO: Starting Flye 2.9.6-b1802
[2026-07-15 22:53:56] INFO: >>>STAGE: configure
[2026-07-15 22:53:56] INFO: Configuring run
[2026-07-15 22:54:57] INFO: Total read length: 2923797967
[2026-07-15 22:54:57] INFO: Reads N50/N90: 2453 / 698
[2026-07-15 22:54:57] INFO: Minimum overlap set to 1000
[2026-07-15 22:54:58] INFO: >>>STAGE: assembly
[2026-07-15 22:54:58] INFO: Assembling disjointigs
[2026-07-15 22:54:58] INFO: Reading sequences
[2026-07-15 22:55:57] INFO: Building minimizer index
[2026-07-15 22:55:57] INFO: Pre-calculating index storage
0% 10% 20% 30% 40% 50% 60% 70% 80% 90% 100% 
[2026-07-15 22:56:57] INFO: Filling index
0% 10% 20% 30% 40% 50% 60% 70% 80% 90% 100% 
[2026-07-15 22:57:53] INFO: Extending reads
[2026-07-15 22:58:07] INFO: Overlap-based coverage: 32
[2026-07-15 22:58:07] INFO: Median overlap divergence: 0.0455975
0% 10% 20% 30% 40% 50% 60% 70% 80% 90% 100% 
[2026-07-15 23:03:26] INFO: Assembled 23761 disjointigs
[2026-07-15 23:03:29] INFO: Generating sequence
0% 10% 20% 30% 40% 50% 60% 70% 80% 90% 100% 
[2026-07-15 23:03:39] INFO: Filtering contained disjointigs
0% 10% 20% 30% 40% 50% 60% 70% 80% 90% 100% 
[2026-07-15 23:03:53] INFO: Contained seqs: 601
[2026-07-15 23:03:59] INFO: >>>STAGE: consensus
[2026-07-15 23:03:59] INFO: Running Minimap2
[2026-07-15 23:11:20] INFO: Computing consensus
[2026-07-15 23:16:13] INFO: Alignment error rate: 0.061001
[2026-07-15 23:16:15] INFO: >>>STAGE: repeat
[2026-07-15 23:16:15] INFO: Building and resolving repeat graph
[2026-07-15 23:16:15] INFO: Parsing disjointigs
[2026-07-15 23:16:16] INFO: Building repeat graph
0% 10% 20% 30% 40% 50% 60% 70% 80% 90% 100% 
[2026-07-15 23:17:16] INFO: Median overlap divergence: 0.0973188
[2026-07-15 23:18:08] INFO: Parsing reads
[2026-07-15 23:19:08] INFO: Aligning reads to the graph
0% 10% 20% 30% 40% 50% 60% 70% 80% 90% 100% 
[2026-07-15 23:22:39] INFO: Aligned read sequence: 1692721318 / 2408253119 (0.702883)
[2026-07-15 23:22:39] INFO: Median overlap divergence: 0.0249622
[2026-07-15 23:22:40] INFO: Mean edge coverage: 12
[2026-07-15 23:22:41] INFO: Simplifying the graph
[2026-07-15 23:23:03] INFO: >>>STAGE: contigger
[2026-07-15 23:23:03] INFO: Generating contigs
[2026-07-15 23:23:03] INFO: Reading sequences
[2026-07-15 23:24:04] INFO: Generated 8059 contigs
[2026-07-15 23:24:04] INFO: Added 3 scaffold connections
[2026-07-15 23:24:10] INFO: >>>STAGE: polishing
[2026-07-15 23:24:10] INFO: Polishing genome (1/1)
[2026-07-15 23:24:10] INFO: Running minimap2
[2026-07-15 23:29:49] INFO: Separating alignment into bubbles
[2026-07-15 23:33:56] INFO: Alignment error rate: 0.042239
[2026-07-15 23:33:56] INFO: Correcting bubbles
0% 10% 20% 30% 40% 50% 60% 70% 80% 90% 100% 
[2026-07-15 23:44:42] INFO: >>>STAGE: finalize
[2026-07-15 23:44:43] INFO: Assembly statistics:

	Total length:	66685054
	Fragments:	7976
	Fragments N50:	13007
	Largest frg:	4706700
	Scaffolds:	0
	Mean coverage:	32

[2026-07-15 23:44:43] INFO: Final assembly: /home/jd131798/R/marine-genomics/flye/bbd/assembly.fasta
Finished flye bbd in /home/jd131798/R/marine-genomics/flye at Wed 15 Jul 2026 23:44:43 UTC
